#
# A fatal error has been detected by the Java Runtime Environment:
#
#  EXCEPTION_ACCESS_VIOLATION (0xc0000005) at pc=0x0000000055889292, pid=25808, tid=0x0000000000004034
#
# JRE version: OpenJDK Runtime Environment (8.0_212-b04) (build 1.8.0_212-release-1586-b04)
# Java VM: OpenJDK 64-Bit Server VM (25.212-b04 mixed mode windows-amd64 compressed oops)
# Problematic frame:
# V  [jvm.dll+0x489292]
#
# Failed to write core dump. Minidumps are not enabled by default on client versions of Windows
#
# If you would like to submit a bug report, please visit:
#   
#

---------------  T H R E A D  ---------------

Current thread (0x00000000187db800):  JavaThread "C2 CompilerThread0" daemon [_thread_in_native, id=16436, stack(0x00000000190b0000,0x00000000191b0000)]

siginfo: ExceptionCode=0xc0000005, reading address 0x00000001b51e5628

Registers:
RAX=0x00000000191ac470, RBX=0x0000000000000002, RCX=0x000000001f6cc060, RDX=0x00000000656c6572
RSP=0x00000000191abf30, RBP=0x000000001f433bc8, RSI=0x0000000000000008, RDI=0x00000000191ac0b0
R8 =0x0000000000000000, R9 =0x00000000191abf80, R10=0x0000000000000184, R11=0x0000000000000183
R12=0x000000001e3b4fe0, R13=0x0000000000000010, R14=0x000000001e3b6dc0, R15=0x0000000000000002
RIP=0x0000000055889292, EFLAGS=0x0000000000010287

Top of Stack: (sp=0x00000000191abf30)
0x00000000191abf30:   00000000191ac0b0 0000000000000003
0x00000000191abf40:   000000001f433bc8 0000000000000010
0x00000000191abf50:   0000000000001e10 00000000169d5970
0x00000000191abf60:   000000002284de90 000000000021e620
0x00000000191abf70:   000000002284e120 0000000022855e78
0x00000000191abf80:   0000000055a3b338 00000000169d5970
0x00000000191abf90:   0000000000000010 000000001e2f4ab0
0x00000000191abfa0:   00000000191ac070 00000000000003d8
0x00000000191abfb0:   0000000019f99be8 0000000019f99810
0x00000000191abfc0:   0000000000000000 0000000019f99800
0x00000000191abfd0:   00000000191ac0f0 00000000191ac360
0x00000000191abfe0:   0000000000000000 0000000055836dc3
0x00000000191abff0:   0000000000000004 0000000000000005
0x00000000191ac000:   00000000000003c3 0000000000000020
0x00000000191ac010:   0000000000000006 0000000019f99800
0x00000000191ac020:   000000001f6dec30 000000001f6df2a0 

Instructions: (pc=0x0000000055889292)
0x0000000055889272:   8b 04 06 eb 02 33 c0 48 8b 40 08 4c 8d 4c 24 50
0x0000000055889282:   4a 8b 0c 28 48 8b 47 40 48 63 51 28 48 8b 48 18
0x0000000055889292:   44 8b 04 91 49 8b d6 48 8b cf e8 bf f8 ff ff 48
0x00000000558892a2:   83 ee 08 ff cb 75 b9 49 8b cc 41 ff c7 49 83 c5 


Register to memory mapping:

RAX=0x00000000191ac470 is pointing into the stack for thread: 0x00000000187db800
RBX=0x0000000000000002 is an unknown value
RCX=0x000000001f6cc060 is an unknown value
RDX=0x00000000656c6572 is an unknown value
RSP=0x00000000191abf30 is pointing into the stack for thread: 0x00000000187db800
RBP=0x000000001f433bc8 is an unknown value
RSI=0x0000000000000008 is an unknown value
RDI=0x00000000191ac0b0 is pointing into the stack for thread: 0x00000000187db800
R8 =0x0000000000000000 is an unknown value
R9 =0x00000000191abf80 is pointing into the stack for thread: 0x00000000187db800
R10=0x0000000000000184 is an unknown value
R11=0x0000000000000183 is an unknown value
R12=0x000000001e3b4fe0 is an unknown value
R13=0x0000000000000010 is an unknown value
R14=0x000000001e3b6dc0 is an unknown value
R15=0x0000000000000002 is an unknown value


Stack: [0x00000000190b0000,0x00000000191b0000],  sp=0x00000000191abf30,  free space=1007k
Native frames: (J=compiled Java code, j=interpreted, Vv=VM code, C=native code)
V  [jvm.dll+0x489292]
V  [jvm.dll+0x436dc3]
V  [jvm.dll+0x44189b]
V  [jvm.dll+0x444198]
V  [jvm.dll+0x4272e2]
V  [jvm.dll+0x81fbf]
V  [jvm.dll+0x8291f]
V  [jvm.dll+0x21db3f]
V  [jvm.dll+0x26f53a]
C  [msvcr100.dll+0x21d9f]
C  [msvcr100.dll+0x21e3b]
C  [KERNEL32.DLL+0x17bd4]
C  [ntdll.dll+0x6ce51]


Current CompileTask:
C2: 995077 11415       4       org.gradle.internal.component.model.ComponentAttributeMatcher::match (318 bytes)


---------------  P R O C E S S  ---------------

Java Threads: ( => current thread )
  0x000000001fae1000 JavaThread "Cache worker for execution history cache (C:\Users\Rachit\Desktop\annadaata\AnnaDaata\.gradle\5.6.4\executionHistory)" [_thread_blocked, id=27192, stack(0x0000000027910000,0x0000000027a10000)]
  0x0000000019745000 JavaThread "Execution worker for ':' Thread 7" [_thread_in_vm, id=15792, stack(0x00000000276c0000,0x00000000277c0000)]
  0x0000000019743000 JavaThread "Execution worker for ':' Thread 6" [_thread_blocked, id=2852, stack(0x00000000275c0000,0x00000000276c0000)]
  0x000000001973f000 JavaThread "Execution worker for ':' Thread 5" [_thread_blocked, id=19028, stack(0x00000000274c0000,0x00000000275c0000)]
  0x0000000019742000 JavaThread "Execution worker for ':' Thread 4" [_thread_blocked, id=24032, stack(0x00000000273c0000,0x00000000274c0000)]
  0x000000001da47800 JavaThread "Execution worker for ':' Thread 3" [_thread_blocked, id=8216, stack(0x00000000272c0000,0x00000000273c0000)]
  0x000000001da4d000 JavaThread "Execution worker for ':' Thread 2" [_thread_blocked, id=28300, stack(0x00000000271c0000,0x00000000272c0000)]
  0x000000001da4b000 JavaThread "Execution worker for ':'" [_thread_blocked, id=6140, stack(0x00000000270c0000,0x00000000271c0000)]
  0x000000001da4b800 JavaThread "Cache worker for file content cache (C:\Users\Rachit\Desktop\annadaata\AnnaDaata\.gradle\5.6.4\fileContent)" [_thread_blocked, id=16728, stack(0x00000000263c0000,0x00000000264c0000)]
  0x000000001da4e800 JavaThread "Cache worker for file content cache (C:\Users\Rachit\.gradle\caches\5.6.4\fileContent)" [_thread_blocked, id=5868, stack(0x0000000023cf0000,0x0000000023df0000)]
  0x000000001da4c800 JavaThread "Cache worker for Build Output Cleanup Cache (C:\Users\Rachit\Desktop\annadaata\AnnaDaata\.gradle\buildOutputCleanup)" [_thread_blocked, id=26784, stack(0x00000000235f0000,0x00000000236f0000)]
  0x000000001da4a000 JavaThread "Build operations Thread 8" [_thread_blocked, id=5444, stack(0x00000000234f0000,0x00000000235f0000)]
  0x000000001da40000 JavaThread "Build operations Thread 7" [_thread_blocked, id=13080, stack(0x00000000233f0000,0x00000000234f0000)]
  0x000000001da47000 JavaThread "Build operations Thread 6" [_thread_blocked, id=13156, stack(0x00000000232f0000,0x00000000233f0000)]
  0x000000001da46000 JavaThread "Build operations Thread 5" [_thread_blocked, id=28328, stack(0x00000000231f0000,0x00000000232f0000)]
  0x000000001da41000 JavaThread "Build operations Thread 4" [_thread_blocked, id=14184, stack(0x00000000230f0000,0x00000000231f0000)]
  0x000000001da44800 JavaThread "Build operations Thread 3" [_thread_blocked, id=27364, stack(0x0000000022ff0000,0x00000000230f0000)]
  0x000000001da45800 JavaThread "Build operations Thread 2" [_thread_blocked, id=18552, stack(0x0000000022ef0000,0x0000000022ff0000)]
  0x0000000022917000 JavaThread "Build operations" [_thread_blocked, id=28028, stack(0x0000000020330000,0x0000000020430000)]
  0x000000002291e000 JavaThread "Cache worker for cache directory md-rule (C:\Users\Rachit\.gradle\caches\5.6.4\md-rule)" [_thread_blocked, id=28528, stack(0x000000001e9f0000,0x000000001eaf0000)]
  0x000000002291a000 JavaThread "Cache worker for cache directory md-supplier (C:\Users\Rachit\.gradle\caches\5.6.4\md-supplier)" [_thread_blocked, id=23624, stack(0x000000001e6f0000,0x000000001e7f0000)]
  0x0000000022918000 JavaThread "Cache worker for file hash cache (C:\Users\Rachit\Desktop\annadaata\AnnaDaata\.gradle\5.6.4\fileHashes)" [_thread_blocked, id=21296, stack(0x000000001ce20000,0x000000001cf20000)]
  0x000000002291c800 JavaThread "Thread-48" [_thread_blocked, id=27288, stack(0x000000001cd20000,0x000000001ce20000)]
  0x000000002291b800 JavaThread "Stdin handler" [_thread_blocked, id=12336, stack(0x000000001cc20000,0x000000001cd20000)]
  0x0000000022919800 JavaThread "Asynchronous log dispatcher for DefaultDaemonConnection: socket connection from /127.0.0.1:57801 to /127.0.0.1:57881" [_thread_blocked, id=28164, stack(0x000000001c920000,0x000000001ca20000)]
  0x0000000022918800 JavaThread "Cancel handler" [_thread_blocked, id=19468, stack(0x0000000000ff0000,0x00000000010f0000)]
  0x000000002291d000 JavaThread "Handler for socket connection from /127.0.0.1:57801 to /127.0.0.1:57881" [_thread_in_native, id=25992, stack(0x0000000000ef0000,0x0000000000ff0000)]
  0x000000001da44000 JavaThread "Daemon worker Thread 2" [_thread_blocked, id=2308, stack(0x000000001c820000,0x000000001c920000)]
  0x000000001da3f800 JavaThread "Daemon Thread 2" [_thread_blocked, id=20180, stack(0x0000000000cd0000,0x0000000000dd0000)]
  0x000000001da49800 JavaThread "Memory manager" [_thread_blocked, id=17468, stack(0x00000000259c0000,0x0000000025ac0000)]
  0x000000001da42800 JavaThread "Cache worker for execution history cache (C:\Users\Rachit\.gradle\caches\5.6.4\executionHistory)" [_thread_blocked, id=13324, stack(0x0000000020430000,0x0000000020530000)]
  0x0000000019744800 JavaThread "Cache worker for journal cache (C:\Users\Rachit\.gradle\caches\journal-1)" [_thread_blocked, id=6852, stack(0x000000001d620000,0x000000001d720000)]
  0x0000000019746000 JavaThread "File lock request listener" [_thread_in_native, id=18040, stack(0x000000001d520000,0x000000001d620000)]
  0x0000000019741800 JavaThread "Cache worker for file hash cache (C:\Users\Rachit\.gradle\caches\5.6.4\fileHashes)" [_thread_blocked, id=19248, stack(0x000000001d420000,0x000000001d520000)]
  0x000000001b06c800 JavaThread "Daemon periodic checks" [_thread_blocked, id=9908, stack(0x000000001c720000,0x000000001c820000)]
  0x0000000018b10000 JavaThread "Incoming local TCP Connector on port 57801" [_thread_in_native, id=26980, stack(0x000000001c4e0000,0x000000001c5e0000)]
  0x000000001974c000 JavaThread "Daemon health stats" [_thread_blocked, id=17580, stack(0x000000001bea0000,0x000000001bfa0000)]
  0x00000000187e4000 JavaThread "Service Thread" daemon [_thread_blocked, id=22832, stack(0x00000000194b0000,0x00000000195b0000)]
  0x00000000169ee000 JavaThread "C1 CompilerThread3" daemon [_thread_blocked, id=5796, stack(0x00000000193b0000,0x00000000194b0000)]
  0x00000000187e0000 JavaThread "C2 CompilerThread2" daemon [_thread_in_native, id=3448, stack(0x00000000192b0000,0x00000000193b0000)]
  0x00000000187df000 JavaThread "C2 CompilerThread1" daemon [_thread_in_native, id=17000, stack(0x00000000191b0000,0x00000000192b0000)]
=>0x00000000187db800 JavaThread "C2 CompilerThread0" daemon [_thread_in_native, id=16436, stack(0x00000000190b0000,0x00000000191b0000)]
  0x00000000187db000 JavaThread "Attach Listener" daemon [_thread_blocked, id=20488, stack(0x0000000018fb0000,0x00000000190b0000)]
  0x00000000187e5800 JavaThread "Signal Dispatcher" daemon [_thread_blocked, id=19544, stack(0x0000000018eb0000,0x0000000018fb0000)]
  0x00000000187d1000 JavaThread "Finalizer" daemon [_thread_blocked, id=20048, stack(0x0000000018cb0000,0x0000000018db0000)]
  0x00000000187d0800 JavaThread "Reference Handler" daemon [_thread_blocked, id=25384, stack(0x0000000018bb0000,0x0000000018cb0000)]
  0x000000000119e000 JavaThread "main" [_thread_blocked, id=13328, stack(0x0000000002a20000,0x0000000002b20000)]

Other Threads:
  0x00000000169d6800 VMThread [stack: 0x00000000186b0000,0x00000000187b0000] [id=12352]
  0x00000000187f4000 WatcherThread [stack: 0x00000000195b0000,0x00000000196b0000] [id=8448]

VM state:not at safepoint (normal execution)

VM Mutex/Monitor currently owned by a thread: None

heap address: 0x00000000a0000000, size: 1536 MB, Compressed Oops mode: 32-bit
Narrow klass base: 0x0000000000000000, Narrow klass shift: 3
Compressed class space size: 1073741824 Address: 0x0000000100000000

Heap:
 PSYoungGen      total 312320K, used 177088K [0x00000000e0000000, 0x00000000f5480000, 0x0000000100000000)
  eden space 293376K, 53% used [0x00000000e0000000,0x00000000e9a8db08,0x00000000f1e80000)
  from space 18944K, 99% used [0x00000000f4200000,0x00000000f54627c8,0x00000000f5480000)
  to   space 27648K, 0% used [0x00000000f1e80000,0x00000000f1e80000,0x00000000f3980000)
 ParOldGen       total 121344K, used 46578K [0x00000000a0000000, 0x00000000a7680000, 0x00000000e0000000)
  object space 121344K, 38% used [0x00000000a0000000,0x00000000a2d7caa8,0x00000000a7680000)
 Metaspace       used 80049K, capacity 83672K, committed 83840K, reserved 1122304K
  class space    used 10554K, capacity 11308K, committed 11392K, reserved 1048576K

Card table byte_map: [0x0000000011fe0000,0x00000000122f0000] byte_map_base: 0x0000000011ae0000

Marking Bits: (ParMarkBitMap*) 0x0000000055bc9f30
 Begin Bits: [0x0000000012cf0000, 0x00000000144f0000)
 End Bits:   [0x00000000144f0000, 0x0000000015cf0000)

Polling page: 0x00000000009f0000

CodeCache: size=245760Kb used=33424Kb max_used=33444Kb free=212335Kb
 bounds [0x0000000002c20000, 0x0000000004cf0000, 0x0000000011c20000]
 total_blobs=10884 nmethods=10022 adapters=774
 compilation: enabled

Compilation events (10 events):
Event: 994.990 Thread 0x00000000187e0000 11604       4       java.nio.ByteBuffer::order (48 bytes)
Event: 994.991 Thread 0x00000000187e0000 nmethod 11604 0x0000000004bad5d0 code [0x0000000004bad700, 0x0000000004bad798]
Event: 994.991 Thread 0x00000000187e0000 11605       4       org.gradle.api.internal.changedetection.state.CachingFileHasher::snapshot (114 bytes)
Event: 994.998 Thread 0x00000000169ee000 11609       3       com.google.common.cache.LocalCache$Segment::cleanUp (21 bytes)
Event: 994.998 Thread 0x00000000169ee000 nmethod 11609 0x0000000004cc7b50 code [0x0000000004cc7d00, 0x0000000004cc8308]
Event: 995.000 Thread 0x00000000169ee000 11610       3       org.gradle.internal.serialize.BaseSerializerFactory$StringSerializer::write (10 bytes)
Event: 995.000 Thread 0x00000000169ee000 nmethod 11610 0x0000000004cc2f50 code [0x0000000004cc30c0, 0x0000000004cc3448]
Event: 995.000 Thread 0x00000000169ee000 11611       3       org.gradle.internal.serialize.BaseSerializerFactory$StringSerializer::write (8 bytes)
Event: 995.000 Thread 0x00000000169ee000 nmethod 11611 0x0000000004cc76d0 code [0x0000000004cc7840, 0x0000000004cc7a68]
Event: 995.006 Thread 0x00000000169ee000 11613   !   3       sun.misc.Cleaner::clean (35 bytes)

GC Heap History (10 events):
Event: 22.791 GC heap before
{Heap before GC invocations=11 (full 2):
 PSYoungGen      total 192000K, used 190618K [0x00000000e0000000, 0x00000000edc80000, 0x0000000100000000)
  eden space 177664K, 100% used [0x00000000e0000000,0x00000000ead80000,0x00000000ead80000)
  from space 14336K, 90% used [0x00000000ebd00000,0x00000000ec9a6828,0x00000000ecb00000)
  to   space 15872K, 0% used [0x00000000ead80000,0x00000000ead80000,0x00000000ebd00000)
 ParOldGen       total 88576K, used 18755K [0x00000000a0000000, 0x00000000a5680000, 0x00000000e0000000)
  object space 88576K, 21% used [0x00000000a0000000,0x00000000a1250ce0,0x00000000a5680000)
 Metaspace       used 56225K, capacity 58096K, committed 58240K, reserved 1099776K
  class space    used 7600K, capacity 8062K, committed 8064K, reserved 1048576K
Event: 22.814 GC heap after
Heap after GC invocations=11 (full 2):
 PSYoungGen      total 193536K, used 15844K [0x00000000e0000000, 0x00000000f0c80000, 0x0000000100000000)
  eden space 177664K, 0% used [0x00000000e0000000,0x00000000e0000000,0x00000000ead80000)
  from space 15872K, 99% used [0x00000000ead80000,0x00000000ebcf9310,0x00000000ebd00000)
  to   space 22528K, 0% used [0x00000000ef680000,0x00000000ef680000,0x00000000f0c80000)
 ParOldGen       total 88576K, used 30054K [0x00000000a0000000, 0x00000000a5680000, 0x00000000e0000000)
  object space 88576K, 33% used [0x00000000a0000000,0x00000000a1d598c0,0x00000000a5680000)
 Metaspace       used 56225K, capacity 58096K, committed 58240K, reserved 1099776K
  class space    used 7600K, capacity 8062K, committed 8064K, reserved 1048576K
}
Event: 23.093 GC heap before
{Heap before GC invocations=12 (full 2):
 PSYoungGen      total 193536K, used 39382K [0x00000000e0000000, 0x00000000f0c80000, 0x0000000100000000)
  eden space 177664K, 13% used [0x00000000e0000000,0x00000000e16fc640,0x00000000ead80000)
  from space 15872K, 99% used [0x00000000ead80000,0x00000000ebcf9310,0x00000000ebd00000)
  to   space 22528K, 0% used [0x00000000ef680000,0x00000000ef680000,0x00000000f0c80000)
 ParOldGen       total 88576K, used 30054K [0x00000000a0000000, 0x00000000a5680000, 0x00000000e0000000)
  object space 88576K, 33% used [0x00000000a0000000,0x00000000a1d598c0,0x00000000a5680000)
 Metaspace       used 57217K, capacity 59076K, committed 59136K, reserved 1099776K
  class space    used 7754K, capacity 8192K, committed 8192K, reserved 1048576K
Event: 23.112 GC heap after
Heap after GC invocations=12 (full 2):
 PSYoungGen      total 250880K, used 17217K [0x00000000e0000000, 0x00000000f2a00000, 0x0000000100000000)
  eden space 228352K, 0% used [0x00000000e0000000,0x00000000e0000000,0x00000000edf00000)
  from space 22528K, 76% used [0x00000000ef680000,0x00000000f0750758,0x00000000f0c80000)
  to   space 24064K, 0% used [0x00000000edf00000,0x00000000edf00000,0x00000000ef680000)
 ParOldGen       total 88576K, used 30062K [0x00000000a0000000, 0x00000000a5680000, 0x00000000e0000000)
  object space 88576K, 33% used [0x00000000a0000000,0x00000000a1d5b8c0,0x00000000a5680000)
 Metaspace       used 57217K, capacity 59076K, committed 59136K, reserved 1099776K
  class space    used 7754K, capacity 8192K, committed 8192K, reserved 1048576K
}
Event: 23.112 GC heap before
{Heap before GC invocations=13 (full 3):
 PSYoungGen      total 250880K, used 17217K [0x00000000e0000000, 0x00000000f2a00000, 0x0000000100000000)
  eden space 228352K, 0% used [0x00000000e0000000,0x00000000e0000000,0x00000000edf00000)
  from space 22528K, 76% used [0x00000000ef680000,0x00000000f0750758,0x00000000f0c80000)
  to   space 24064K, 0% used [0x00000000edf00000,0x00000000edf00000,0x00000000ef680000)
 ParOldGen       total 88576K, used 30062K [0x00000000a0000000, 0x00000000a5680000, 0x00000000e0000000)
  object space 88576K, 33% used [0x00000000a0000000,0x00000000a1d5b8c0,0x00000000a5680000)
 Metaspace       used 57217K, capacity 59076K, committed 59136K, reserved 1099776K
  class space    used 7754K, capacity 8192K, committed 8192K, reserved 1048576K
Event: 23.373 GC heap after
Heap after GC invocations=13 (full 3):
 PSYoungGen      total 250880K, used 0K [0x00000000e0000000, 0x00000000f2a00000, 0x0000000100000000)
  eden space 228352K, 0% used [0x00000000e0000000,0x00000000e0000000,0x00000000edf00000)
  from space 22528K, 0% used [0x00000000ef680000,0x00000000ef680000,0x00000000f0c80000)
  to   space 24064K, 0% used [0x00000000edf00000,0x00000000edf00000,0x00000000ef680000)
 ParOldGen       total 121344K, used 33246K [0x00000000a0000000, 0x00000000a7680000, 0x00000000e0000000)
  object space 121344K, 27% used [0x00000000a0000000,0x00000000a2077b90,0x00000000a7680000)
 Metaspace       used 57190K, capacity 58986K, committed 59136K, reserved 1099776K
  class space    used 7745K, capacity 8177K, committed 8192K, reserved 1048576K
}
Event: 33.109 GC heap before
{Heap before GC invocations=14 (full 3):
 PSYoungGen      total 250880K, used 228352K [0x00000000e0000000, 0x00000000f2a00000, 0x0000000100000000)
  eden space 228352K, 100% used [0x00000000e0000000,0x00000000edf00000,0x00000000edf00000)
  from space 22528K, 0% used [0x00000000ef680000,0x00000000ef680000,0x00000000f0c80000)
  to   space 24064K, 0% used [0x00000000edf00000,0x00000000edf00000,0x00000000ef680000)
 ParOldGen       total 121344K, used 33246K [0x00000000a0000000, 0x00000000a7680000, 0x00000000e0000000)
  object space 121344K, 27% used [0x00000000a0000000,0x00000000a2077b90,0x00000000a7680000)
 Metaspace       used 69367K, capacity 72218K, committed 72448K, reserved 1112064K
  class space    used 9561K, capacity 10163K, committed 10240K, reserved 1048576K
Event: 33.130 GC heap after
Heap after GC invocations=14 (full 3):
 PSYoungGen      total 252416K, used 21010K [0x00000000e0000000, 0x00000000f5c00000, 0x0000000100000000)
  eden space 228352K, 0% used [0x00000000e0000000,0x00000000e0000000,0x00000000edf00000)
  from space 24064K, 87% used [0x00000000edf00000,0x00000000ef384b60,0x00000000ef680000)
  to   space 26624K, 0% used [0x00000000f4200000,0x00000000f4200000,0x00000000f5c00000)
 ParOldGen       total 121344K, used 33254K [0x00000000a0000000, 0x00000000a7680000, 0x00000000e0000000)
  object space 121344K, 27% used [0x00000000a0000000,0x00000000a2079b90,0x00000000a7680000)
 Metaspace       used 69367K, capacity 72218K, committed 72448K, reserved 1112064K
  class space    used 9561K, capacity 10163K, committed 10240K, reserved 1048576K
}
Event: 939.000 GC heap before
{Heap before GC invocations=15 (full 3):
 PSYoungGen      total 252416K, used 249362K [0x00000000e0000000, 0x00000000f5c00000, 0x0000000100000000)
  eden space 228352K, 100% used [0x00000000e0000000,0x00000000edf00000,0x00000000edf00000)
  from space 24064K, 87% used [0x00000000edf00000,0x00000000ef384b60,0x00000000ef680000)
  to   space 26624K, 0% used [0x00000000f4200000,0x00000000f4200000,0x00000000f5c00000)
 ParOldGen       total 121344K, used 33254K [0x00000000a0000000, 0x00000000a7680000, 0x00000000e0000000)
  object space 121344K, 27% used [0x00000000a0000000,0x00000000a2079b90,0x00000000a7680000)
 Metaspace       used 78551K, capacity 82024K, committed 82176K, reserved 1120256K
  class space    used 10405K, capacity 11138K, committed 11264K, reserved 1048576K
Event: 939.055 GC heap after
Heap after GC invocations=15 (full 3):
 PSYoungGen      total 312320K, used 18825K [0x00000000e0000000, 0x00000000f5480000, 0x0000000100000000)
  eden space 293376K, 0% used [0x00000000e0000000,0x00000000e0000000,0x00000000f1e80000)
  from space 18944K, 99% used [0x00000000f4200000,0x00000000f54627c8,0x00000000f5480000)
  to   space 27648K, 0% used [0x00000000f1e80000,0x00000000f1e80000,0x00000000f3980000)
 ParOldGen       total 121344K, used 46578K [0x00000000a0000000, 0x00000000a7680000, 0x00000000e0000000)
  object space 121344K, 38% used [0x00000000a0000000,0x00000000a2d7caa8,0x00000000a7680000)
 Metaspace       used 78551K, capacity 82024K, committed 82176K, reserved 1120256K
  class space    used 10405K, capacity 11138K, committed 11264K, reserved 1048576K
}

Deoptimization events (10 events):
Event: 994.691 Thread 0x0000000019743000 Uncommon trap: reason=unstable_if action=reinterpret pc=0x00000000047e2114 method=org.gradle.internal.service.DefaultServiceRegistry$SingletonService.prepare()Lorg/gradle/internal/service/Service; @ 68
Event: 994.691 Thread 0x000000001da4b000 Uncommon trap: reason=unstable_if action=reinterpret pc=0x00000000047e2114 method=org.gradle.internal.service.DefaultServiceRegistry$SingletonService.prepare()Lorg/gradle/internal/service/Service; @ 68
Event: 994.691 Thread 0x0000000019745000 Uncommon trap: reason=unstable_if action=reinterpret pc=0x00000000047e2114 method=org.gradle.internal.service.DefaultServiceRegistry$SingletonService.prepare()Lorg/gradle/internal/service/Service; @ 68
Event: 994.691 Thread 0x000000001da47800 Uncommon trap: reason=unstable_if action=reinterpret pc=0x00000000047e2114 method=org.gradle.internal.service.DefaultServiceRegistry$SingletonService.prepare()Lorg/gradle/internal/service/Service; @ 68
Event: 994.691 Thread 0x000000001da4d000 Uncommon trap: reason=unstable_if action=reinterpret pc=0x00000000047e2114 method=org.gradle.internal.service.DefaultServiceRegistry$SingletonService.prepare()Lorg/gradle/internal/service/Service; @ 68
Event: 994.691 Thread 0x000000001da44000 Uncommon trap: reason=unstable_if action=reinterpret pc=0x00000000047e2114 method=org.gradle.internal.service.DefaultServiceRegistry$SingletonService.prepare()Lorg/gradle/internal/service/Service; @ 68
Event: 994.695 Thread 0x0000000019743000 Uncommon trap: reason=class_check action=maybe_recompile pc=0x0000000003e13114 method=java.util.Collections$SetFromMap.remove(Ljava/lang/Object;)Z @ 5
Event: 994.695 Thread 0x000000001da44000 Uncommon trap: reason=class_check action=maybe_recompile pc=0x0000000003e13114 method=java.util.Collections$SetFromMap.remove(Ljava/lang/Object;)Z @ 5
Event: 994.756 Thread 0x0000000019743000 Uncommon trap: reason=class_check action=maybe_recompile pc=0x0000000003e13114 method=java.util.Collections$SetFromMap.remove(Ljava/lang/Object;)Z @ 5
Event: 994.757 Thread 0x0000000019743000 Uncommon trap: reason=class_check action=maybe_recompile pc=0x0000000003e13114 method=java.util.Collections$SetFromMap.remove(Ljava/lang/Object;)Z @ 5

Classes redefined (0 events):
No events

Internal exceptions (10 events):
Event: 994.105 Thread 0x000000001da44000 Exception <a 'java/lang/NoSuchMethodError': <clinit>> (0x00000000e5143c48) thrown at [D:\src\AOSP-openjdk-cygwin\jdk8u\hotspot\src\share\vm\prims\jni.cpp, line 1614]
Event: 994.163 Thread 0x000000001da44000 Exception <a 'java/lang/NoSuchMethodError': <clinit>> (0x00000000e5194450) thrown at [D:\src\AOSP-openjdk-cygwin\jdk8u\hotspot\src\share\vm\prims\jni.cpp, line 1614]
Event: 994.165 Thread 0x000000001da44000 Exception <a 'java/lang/NoSuchMethodError': <clinit>> (0x00000000e51a1b78) thrown at [D:\src\AOSP-openjdk-cygwin\jdk8u\hotspot\src\share\vm\prims\jni.cpp, line 1614]
Event: 994.191 Thread 0x000000001da44000 Exception <a 'java/lang/NoSuchMethodError': <clinit>> (0x00000000e530e300) thrown at [D:\src\AOSP-openjdk-cygwin\jdk8u\hotspot\src\share\vm\prims\jni.cpp, line 1614]
Event: 994.191 Thread 0x000000001da44000 Exception <a 'java/lang/NoSuchMethodError': <clinit>> (0x00000000e5312438) thrown at [D:\src\AOSP-openjdk-cygwin\jdk8u\hotspot\src\share\vm\prims\jni.cpp, line 1614]
Event: 994.191 Thread 0x000000001da44000 Exception <a 'java/lang/NoSuchMethodError': <clinit>> (0x00000000e5313dc0) thrown at [D:\src\AOSP-openjdk-cygwin\jdk8u\hotspot\src\share\vm\prims\jni.cpp, line 1614]
Event: 994.191 Thread 0x000000001da44000 Exception <a 'java/lang/NoSuchMethodError': <clinit>> (0x00000000e53152c0) thrown at [D:\src\AOSP-openjdk-cygwin\jdk8u\hotspot\src\share\vm\prims\jni.cpp, line 1614]
Event: 994.192 Thread 0x000000001da44000 Exception <a 'java/lang/NoSuchMethodError': <clinit>> (0x00000000e5316a10) thrown at [D:\src\AOSP-openjdk-cygwin\jdk8u\hotspot\src\share\vm\prims\jni.cpp, line 1614]
Event: 994.192 Thread 0x000000001da44000 Exception <a 'java/lang/NoSuchMethodError': <clinit>> (0x00000000e5318010) thrown at [D:\src\AOSP-openjdk-cygwin\jdk8u\hotspot\src\share\vm\prims\jni.cpp, line 1614]
Event: 994.192 Thread 0x000000001da44000 Exception <a 'java/lang/NoSuchMethodError': <clinit>> (0x00000000e53194b0) thrown at [D:\src\AOSP-openjdk-cygwin\jdk8u\hotspot\src\share\vm\prims\jni.cpp, line 1614]

Events (10 events):
Event: 994.697 loading class org/gradle/api/internal/artifacts/transform/TransformationNode$ChainedTransformationNode$1
Event: 994.697 loading class org/gradle/api/internal/artifacts/transform/TransformationNode$ChainedTransformationNode$1 done
Event: 994.756 Thread 0x0000000019743000 Uncommon trap: trap_request=0xffffffde fr.pc=0x0000000003e13114
Event: 994.756 Thread 0x0000000019743000 DEOPT PACKING pc=0x0000000003e13114 sp=0x00000000276bf090
Event: 994.756 Thread 0x0000000019743000 DEOPT UNPACKING pc=0x0000000002c6557b sp=0x00000000276bf030 mode 2
Event: 994.757 Thread 0x0000000019743000 Uncommon trap: trap_request=0xffffffde fr.pc=0x0000000003e13114
Event: 994.757 Thread 0x0000000019743000 DEOPT PACKING pc=0x0000000003e13114 sp=0x00000000276bf090
Event: 994.757 Thread 0x0000000019743000 DEOPT UNPACKING pc=0x0000000002c6557b sp=0x00000000276bf030 mode 2
Event: 995.005 loading class org/gradle/execution/plan/DefaultExecutionPlan$8
Event: 995.005 loading class org/gradle/execution/plan/DefaultExecutionPlan$8 done


Dynamic libraries:
0x00007ff763a00000 - 0x00007ff763a31000 	C:\Program Files\Android\Android Studio\jre\bin\java.exe
0x00007ffa46ba0000 - 0x00007ffa46d90000 	C:\WINDOWS\SYSTEM32\ntdll.dll
0x00007ffa45120000 - 0x00007ffa451d2000 	C:\WINDOWS\System32\KERNEL32.DLL
0x00007ffa43de0000 - 0x00007ffa44084000 	C:\WINDOWS\System32\KERNELBASE.dll
0x00007ffa45930000 - 0x00007ffa459d3000 	C:\WINDOWS\System32\ADVAPI32.dll
0x00007ffa45cc0000 - 0x00007ffa45d5e000 	C:\WINDOWS\System32\msvcrt.dll
0x00007ffa46190000 - 0x00007ffa46227000 	C:\WINDOWS\System32\sechost.dll
0x00007ffa466a0000 - 0x00007ffa467c0000 	C:\WINDOWS\System32\RPCRT4.dll
0x00007ffa45b20000 - 0x00007ffa45cb4000 	C:\WINDOWS\System32\USER32.dll
0x00007ffa43c00000 - 0x00007ffa43c21000 	C:\WINDOWS\System32\win32u.dll
0x00007ffa44fa0000 - 0x00007ffa44fc6000 	C:\WINDOWS\System32\GDI32.dll
0x00007ffa44190000 - 0x00007ffa44324000 	C:\WINDOWS\System32\gdi32full.dll
0x00007ffa440f0000 - 0x00007ffa4418e000 	C:\WINDOWS\System32\msvcp_win.dll
0x00007ffa43ce0000 - 0x00007ffa43dda000 	C:\WINDOWS\System32\ucrtbase.dll
0x00007ffa30e90000 - 0x00007ffa31114000 	C:\WINDOWS\WinSxS\amd64_microsoft.windows.common-controls_6595b64144ccf1df_6.0.18362.836_none_e6c4b943130f18ed\COMCTL32.dll
0x00007ffa46820000 - 0x00007ffa46b56000 	C:\WINDOWS\System32\combase.dll
0x00007ffa43b80000 - 0x00007ffa43c00000 	C:\WINDOWS\System32\bcryptPrimitives.dll
0x00007ffa467c0000 - 0x00007ffa467ee000 	C:\WINDOWS\System32\IMM32.DLL
0x0000000055320000 - 0x00000000553f2000 	C:\Program Files\Android\Android Studio\jre\jre\bin\msvcr100.dll
0x0000000055400000 - 0x0000000055c46000 	C:\Program Files\Android\Android Studio\jre\jre\bin\server\jvm.dll
0x00007ffa44d60000 - 0x00007ffa44d68000 	C:\WINDOWS\System32\PSAPI.DLL
0x00007ffa3e490000 - 0x00007ffa3e499000 	C:\WINDOWS\SYSTEM32\WSOCK32.dll
0x00007ffa3e270000 - 0x00007ffa3e27a000 	C:\WINDOWS\SYSTEM32\VERSION.dll
0x00007ffa36a20000 - 0x00007ffa36a44000 	C:\WINDOWS\SYSTEM32\WINMM.dll
0x00007ffa45ab0000 - 0x00007ffa45b1f000 	C:\WINDOWS\System32\WS2_32.dll
0x00007ffa35bc0000 - 0x00007ffa35bed000 	C:\WINDOWS\SYSTEM32\winmmbase.dll
0x00007ffa44330000 - 0x00007ffa4437a000 	C:\WINDOWS\System32\cfgmgr32.dll
0x00007ffa400c0000 - 0x00007ffa400cf000 	C:\Program Files\Android\Android Studio\jre\jre\bin\verify.dll
0x00007ffa33010000 - 0x00007ffa33039000 	C:\Program Files\Android\Android Studio\jre\jre\bin\java.dll
0x00007ffa36b20000 - 0x00007ffa36b36000 	C:\Program Files\Android\Android Studio\jre\jre\bin\zip.dll
0x00007ffa451e0000 - 0x00007ffa458c4000 	C:\WINDOWS\System32\SHELL32.dll
0x00007ffa45d60000 - 0x00007ffa45e09000 	C:\WINDOWS\System32\shcore.dll
0x00007ffa444d0000 - 0x00007ffa44c4e000 	C:\WINDOWS\System32\windows.storage.dll
0x00007ffa43ae0000 - 0x00007ffa43b03000 	C:\WINDOWS\System32\profapi.dll
0x00007ffa43a90000 - 0x00007ffa43ada000 	C:\WINDOWS\System32\powrprof.dll
0x00007ffa43a60000 - 0x00007ffa43a70000 	C:\WINDOWS\System32\UMPDC.dll
0x00007ffa44f40000 - 0x00007ffa44f92000 	C:\WINDOWS\System32\shlwapi.dll
0x00007ffa43b10000 - 0x00007ffa43b21000 	C:\WINDOWS\System32\kernel.appcore.dll
0x00007ffa43b30000 - 0x00007ffa43b47000 	C:\WINDOWS\System32\cryptsp.dll
0x00007ffa364f0000 - 0x00007ffa3650a000 	C:\Program Files\Android\Android Studio\jre\jre\bin\net.dll
0x00007ffa389e0000 - 0x00007ffa38bb6000 	C:\WINDOWS\SYSTEM32\urlmon.dll
0x00007ffa34050000 - 0x00007ffa342f6000 	C:\WINDOWS\SYSTEM32\iertutil.dll
0x00007ffa43440000 - 0x00007ffa4344c000 	C:\WINDOWS\SYSTEM32\CRYPTBASE.DLL
0x00007ffa264a0000 - 0x00007ffa264c0000 	C:\WINDOWS\system32\PrxerDrv.dll
0x00007ffa43270000 - 0x00007ffa432d7000 	C:\WINDOWS\system32\mswsock.dll
0x00007ffa36490000 - 0x00007ffa364a3000 	C:\Program Files\Android\Android Studio\jre\jre\bin\nio.dll
0x00007ffa2f110000 - 0x00007ffa2f136000 	C:\Users\Rachit\.gradle\native\30\windows-amd64\native-platform.dll
0x00007ffa3ff40000 - 0x00007ffa3ff4d000 	C:\Program Files\Android\Android Studio\jre\jre\bin\management.dll
0x00007ffa42de0000 - 0x00007ffa42e13000 	C:\WINDOWS\system32\rsaenh.dll
0x00007ffa43b50000 - 0x00007ffa43b76000 	C:\WINDOWS\System32\bcrypt.dll
0x00007ffa43980000 - 0x00007ffa439a5000 	C:\WINDOWS\SYSTEM32\USERENV.dll
0x00007ffa42f80000 - 0x00007ffa42fba000 	C:\WINDOWS\SYSTEM32\IPHLPAPI.DLL
0x00007ffa46810000 - 0x00007ffa46818000 	C:\WINDOWS\System32\NSI.dll
0x00007ffa3cb60000 - 0x00007ffa3cb76000 	C:\WINDOWS\SYSTEM32\dhcpcsvc6.DLL
0x00007ffa3cc10000 - 0x00007ffa3cc2c000 	C:\WINDOWS\SYSTEM32\dhcpcsvc.DLL
0x00007ffa42fc0000 - 0x00007ffa4308b000 	C:\WINDOWS\SYSTEM32\DNSAPI.dll
0x00007ffa30490000 - 0x00007ffa304b4000 	C:\Program Files\Android\Android Studio\jre\jre\bin\sunec.dll
0x00007ffa3e6f0000 - 0x00007ffa3e70c000 	C:\WINDOWS\system32\PrxerNsp.dll
0x00007ffa3c440000 - 0x00007ffa3c44a000 	C:\Windows\System32\rasadhlp.dll
0x00007ffa3bdc0000 - 0x00007ffa3be37000 	C:\WINDOWS\System32\fwpuclnt.dll
0x00007ffa3e380000 - 0x00007ffa3e38b000 	C:\Program Files\Android\Android Studio\jre\jre\bin\sunmscapi.dll
0x00007ffa44380000 - 0x00007ffa444c9000 	C:\WINDOWS\System32\CRYPT32.dll
0x00007ffa43a70000 - 0x00007ffa43a82000 	C:\WINDOWS\System32\MSASN1.dll
0x00007ffa426c0000 - 0x00007ffa428b4000 	C:\WINDOWS\SYSTEM32\dbghelp.dll

VM Arguments:
jvm_args: -Xmx1536m -Dfile.encoding=windows-1252 -Duser.country=US -Duser.language=en -Duser.variant 
java_command: org.gradle.launcher.daemon.bootstrap.GradleDaemon 5.6.4
java_class_path (initial): C:\Users\Rachit\.gradle\wrapper\dists\gradle-5.6.4-all\ankdp27end7byghfw1q2sw75f\gradle-5.6.4\lib\gradle-launcher-5.6.4.jar
Launcher Type: SUN_STANDARD

Environment Variables:
PATH=C:\Program Files\Java\jdk1.8.0_181\bin;C:\Program Files (x86)\Common Files\Oracle\Java\javapath;C:\ProgramData\Oracle\Java\javapath;C:\Program Files (x86)\Intel\Intel(R) Management Engine Components\iCLS\;C:\Program Files\Intel\Intel(R) Management Engine Components\iCLS\;C:\windows\system32;C:\windows;C:\windows\System32\Wbem;C:\windows\System32\WindowsPowerShell\v1.0\;C:\Program Files (x86)\Intel\Intel(R) Management Engine Components\DAL;C:\Program Files\Intel\Intel(R) Management Engine Components\DAL;C:\Program Files (x86)\Intel\Intel(R) Management Engine Components\IPT;C:\Program Files\Intel\Intel(R) Management Engine Components\IPT;C:\Program Files (x86)\NVIDIA Corporation\PhysX\Common;C:\WINDOWS\system32;C:\WINDOWS;C:\WINDOWS\System32\Wbem;C:\WINDOWS\System32\WindowsPowerShell\v1.0\;C:\WINDOWS\System32\OpenSSH\;C:\Program Files\NVIDIA Corporation\NVIDIA NvDLISR;C:\WINDOWS\system32;C:\WINDOWS;C:\WINDOWS\System32\Wbem;C:\WINDOWS\System32\WindowsPowerShell\v1.0\;C:\WINDOWS\System32\OpenSSH\;C:\Program Files\Intel\WiFi\bin\;C:\Program Files\Common Files\Intel\WirelessCommon\;C:\Program Files (x86)\CodeBlocks\MinGW;C:\MinGW\bin;C:\Program Files\PuTTY\;C:\Program Files\Git\cmd;C:\MinGW\bin;C:\Program Files\MySQL\MySQL Shell 8.0\bin\;C:\Users\Rachit\AppData\Local\GitHubDesktop\bin;C:\Users\Rachit\AppData\Local\Microsoft\WindowsApps;C:\Program Files (x86)\mingw-w64\i686-8.1.0-posix-dwarf-rt_v6-rev0\mingw32\bin;
USERNAME=Rachit
OS=Windows_NT
PROCESSOR_IDENTIFIER=Intel64 Family 6 Model 158 Stepping 10, GenuineIntel



---------------  S Y S T E M  ---------------

OS: Windows 10.0 , 64 bit Build 18362 (10.0.18362.778)

CPU:total 8 (initial active 8) (4 cores per cpu, 2 threads per core) family 6 model 158 stepping 10, cmov, cx8, fxsr, mmx, sse, sse2, sse3, ssse3, sse4.1, sse4.2, popcnt, avx, avx2, aes, clmul, erms, 3dnowpref, lzcnt, ht, tsc, tscinvbit, bmi1, bmi2, adx

Memory: 4k page, physical 8275188k(1232396k free), swap 17188084k(5264608k free)

vm_info: OpenJDK 64-Bit Server VM (25.212-b04) for windows-amd64 JRE (1.8.0_212-release-1586-b04), built by "builder" with MS VC++ 10.0 (VS2010)

time: Thu May 21 04:44:02 2020
timezone: India Standard Time
elapsed time: 995 seconds (0d 0h 16m 35s)

